<?xml version="1.0" encoding="UTF-8"?>
<!-- Generated by org.testng.reporters.JUnitReportReporter -->
<testsuite hostname="acmilan-PC" name="com.testcase.register" tests="3" failures="0" timestamp="16 Feb 2016 09:01:56 GMT" time="76.786" errors="0">
  <testcase name="selectRegister" time="0.756" classname="com.testcase.register"/>
  <testcase name="register" time="54.610" classname="com.testcase.register"/>
  <testcase name="finishRegister" time="21.420" classname="com.testcase.register"/>
</testsuite> <!-- com.testcase.register -->
