<?xml version="1.0" encoding="UTF-8"?>
<!-- Generated by org.testng.reporters.JUnitReportReporter -->
<testsuite hostname="acmilan-PC" name="com.testcase.test" tests="1" failures="0" timestamp="25 Dec 2015 07:10:00 GMT" time="6.583" errors="0">
  <testcase name="test" time="6.583" classname="com.testcase.test"/>
</testsuite> <!-- com.testcase.test -->
