<?xml version="1.0" encoding="UTF-8"?>
<!-- Generated by org.testng.reporters.JUnitReportReporter -->
<testsuite hostname="acmilan-PC" name="com.testcase.login" tests="7" failures="0" timestamp="16 Feb 2016 09:01:56 GMT" time="14.174" errors="0">
  <testcase name="login" time="2.457" classname="com.testcase.login"/>
  <testcase name="twoStep" time="1.290" classname="com.testcase.login"/>
  <testcase name="selectLogin" time="0.867" classname="com.testcase.login"/>
  <testcase name="oneStep" time="2.191" classname="com.testcase.login"/>
  <testcase name="logout" time="1.256" classname="com.testcase.login"/>
  <testcase name="startThreeStep" time="0.595" classname="com.testcase.login"/>
  <testcase name="threeStep" time="5.518" classname="com.testcase.login"/>
</testsuite> <!-- com.testcase.login -->
